0 info it worked if it ends with ok
1 verbose cli [ '/usr/bin/nodejs',
1 verbose cli   '/usr/bin/npm',
1 verbose cli   'install',
1 verbose cli   'angular',
1 verbose cli   '--save' ]
2 info using npm@3.5.2
3 info using node@v4.2.6
4 verbose config Skipping project config: /home/next/.npmrc. (matches userconfig)
5 silly loadCurrentTree Starting
6 silly install loadCurrentTree
7 silly install readLocalPackageData
8 silly fetchPackageMetaData angular
9 silly fetchNamedPackageData angular
10 silly mapToRegistry name angular
11 silly mapToRegistry using default registry
12 silly mapToRegistry registry https://registry.npmjs.org/
13 silly mapToRegistry uri https://registry.npmjs.org/angular
14 verbose request uri https://registry.npmjs.org/angular
15 verbose request no auth needed
16 info attempt registry request try #1 at 5:30:57 PM
17 verbose request id 4d7817838d1accae
18 http request GET https://registry.npmjs.org/angular
19 http 200 https://registry.npmjs.org/angular
20 verbose headers { server: 'nginx/1.10.1',
20 verbose headers   'content-type': 'application/json',
20 verbose headers   'last-modified': 'Fri, 03 Feb 2017 02:40:10 GMT',
20 verbose headers   etag: 'W/"5893ed8a-23c25"',
20 verbose headers   'content-encoding': 'gzip',
20 verbose headers   'cache-control': 'max-age=300',
20 verbose headers   'content-length': '14982',
20 verbose headers   'accept-ranges': 'bytes',
20 verbose headers   date: 'Fri, 03 Feb 2017 12:00:58 GMT',
20 verbose headers   via: '1.1 varnish',
20 verbose headers   age: '118',
20 verbose headers   connection: 'keep-alive',
20 verbose headers   'x-served-by': 'cache-ams4445-AMS',
20 verbose headers   'x-cache': 'HIT',
20 verbose headers   'x-cache-hits': '2',
20 verbose headers   'x-timer': 'S1486123258.831233,VS0,VE0',
20 verbose headers   vary: 'Accept-Encoding' }
21 silly get cb [ 200,
21 silly get   { server: 'nginx/1.10.1',
21 silly get     'content-type': 'application/json',
21 silly get     'last-modified': 'Fri, 03 Feb 2017 02:40:10 GMT',
21 silly get     etag: 'W/"5893ed8a-23c25"',
21 silly get     'content-encoding': 'gzip',
21 silly get     'cache-control': 'max-age=300',
21 silly get     'content-length': '14982',
21 silly get     'accept-ranges': 'bytes',
21 silly get     date: 'Fri, 03 Feb 2017 12:00:58 GMT',
21 silly get     via: '1.1 varnish',
21 silly get     age: '118',
21 silly get     connection: 'keep-alive',
21 silly get     'x-served-by': 'cache-ams4445-AMS',
21 silly get     'x-cache': 'HIT',
21 silly get     'x-cache-hits': '2',
21 silly get     'x-timer': 'S1486123258.831233,VS0,VE0',
21 silly get     vary: 'Accept-Encoding' } ]
22 verbose get saving angular to /home/next/.npm/registry.npmjs.org/angular/.cache.json
23 silly install normalizeTree
24 silly loadCurrentTree Finishing
25 silly loadIdealTree Starting
26 silly install loadIdealTree
27 silly cloneCurrentTree Starting
28 silly install cloneCurrentTreeToIdealTree
29 silly cloneCurrentTree Finishing
30 silly loadShrinkwrap Starting
31 silly install loadShrinkwrap
32 silly loadShrinkwrap Finishing
33 silly loadAllDepsIntoIdealTree Starting
34 silly install loadAllDepsIntoIdealTree
35 silly resolveWithNewModule angular@1.6.1 checking installable status
36 silly cache add args [ 'angular', null ]
37 verbose cache add spec angular
38 silly cache add parsed spec Result {
38 silly cache add   raw: 'angular',
38 silly cache add   scope: null,
38 silly cache add   name: 'angular',
38 silly cache add   rawSpec: '',
38 silly cache add   spec: 'latest',
38 silly cache add   type: 'tag' }
39 silly addNamed angular@latest
40 verbose addNamed "latest" is being treated as a dist-tag for angular
41 info addNameTag [ 'angular', 'latest' ]
42 silly mapToRegistry name angular
43 silly mapToRegistry using default registry
44 silly mapToRegistry registry https://registry.npmjs.org/
45 silly mapToRegistry uri https://registry.npmjs.org/angular
46 verbose addNameTag registry:https://registry.npmjs.org/angular not in flight; fetching
47 verbose get https://registry.npmjs.org/angular not expired, no request
48 silly addNameTag next cb for angular with tag latest
49 silly addNamed angular@1.6.1
50 verbose addNamed "1.6.1" is a plain semver version for angular
51 silly mapToRegistry name angular
52 silly mapToRegistry using default registry
53 silly mapToRegistry registry https://registry.npmjs.org/
54 silly mapToRegistry uri https://registry.npmjs.org/angular
55 verbose addRemoteTarball https://registry.npmjs.org/angular/-/angular-1.6.1.tgz not in flight; adding
56 verbose addRemoteTarball [ 'https://registry.npmjs.org/angular/-/angular-1.6.1.tgz',
56 verbose addRemoteTarball   'a7b6d763a74c157325692619e97257e69d9b6a27' ]
57 info retry fetch attempt 1 at 5:30:59 PM
58 info attempt registry request try #1 at 5:30:59 PM
59 http fetch GET https://registry.npmjs.org/angular/-/angular-1.6.1.tgz
60 http fetch 200 https://registry.npmjs.org/angular/-/angular-1.6.1.tgz
61 silly fetchAndShaCheck shasum a7b6d763a74c157325692619e97257e69d9b6a27
62 verbose addTmpTarball /tmp/npm-9060-981ce6f9/registry.npmjs.org/angular/-/angular-1.6.1.tgz not in flight; adding
63 verbose addTmpTarball already have metadata; skipping unpack for angular@1.6.1
64 silly cache afterAdd angular@1.6.1
65 verbose afterAdd /home/next/.npm/angular/1.6.1/package/package.json not in flight; writing
66 verbose afterAdd /home/next/.npm/angular/1.6.1/package/package.json written
67 silly loadAllDepsIntoIdealTree Finishing
68 silly idealTree:prePrune next
68 silly idealTree:prePrune +-- angular@1.6.1
68 silly idealTree:prePrune +-- ansi-regex@2.0.0
68 silly idealTree:prePrune +-- ansi-styles@2.2.1
68 silly idealTree:prePrune +-- archy@1.0.0
68 silly idealTree:prePrune +-- arr-diff@2.0.0
68 silly idealTree:prePrune +-- arr-flatten@1.0.1
68 silly idealTree:prePrune +-- array-differ@1.0.0
68 silly idealTree:prePrune +-- array-find-index@1.0.1
68 silly idealTree:prePrune +-- array-uniq@1.0.3
68 silly idealTree:prePrune +-- array-unique@0.2.1
68 silly idealTree:prePrune +-- balanced-match@0.4.2
68 silly idealTree:prePrune +-- beeper@1.1.0
68 silly idealTree:prePrune +-- brace-expansion@1.1.6
68 silly idealTree:prePrune +-- braces@1.8.5
68 silly idealTree:prePrune +-- builtin-modules@1.1.1
68 silly idealTree:prePrune +-- camelcase-keys@2.1.0
68 silly idealTree:prePrune +-- camelcase@2.1.1
68 silly idealTree:prePrune +-- chalk@1.1.3
68 silly idealTree:prePrune +-- clone-stats@0.0.1
68 silly idealTree:prePrune +-- clone@1.0.2
68 silly idealTree:prePrune +-- concat-map@0.0.1
68 silly idealTree:prePrune +-- core-util-is@1.0.2
68 silly idealTree:prePrune +-- currently-unhandled@0.4.1
68 silly idealTree:prePrune +-- dateformat@1.0.12
68 silly idealTree:prePrune +-- decamelize@1.2.0
68 silly idealTree:prePrune +-- defaults@1.0.3
68 silly idealTree:prePrune +-- deprecated@0.0.1
68 silly idealTree:prePrune +-- detect-file@0.1.0
68 silly idealTree:prePrune +-- duplexer2@0.0.2
68 silly idealTree:prePrune +-- end-of-stream@0.1.5
68 silly idealTree:prePrune +-- error-ex@1.3.0
68 silly idealTree:prePrune +-- escape-string-regexp@1.0.5
68 silly idealTree:prePrune +-- expand-brackets@0.1.5
68 silly idealTree:prePrune +-- expand-range@1.8.2
68 silly idealTree:prePrune +-- expand-tilde@1.2.2
68 silly idealTree:prePrune +-- extend@3.0.0
68 silly idealTree:prePrune +-- extglob@0.3.2
68 silly idealTree:prePrune +-- fancy-log@1.2.0
68 silly idealTree:prePrune +-- filename-regex@2.0.0
68 silly idealTree:prePrune +-- fill-range@2.2.3
68 silly idealTree:prePrune +-- find-index@0.1.1
68 silly idealTree:prePrune +-- find-up@1.1.2
68 silly idealTree:prePrune +-- findup-sync@0.4.2
68 silly idealTree:prePrune +-- fined@1.0.1
68 silly idealTree:prePrune | `-- lodash.isarray@4.0.0
68 silly idealTree:prePrune +-- first-chunk-stream@1.0.0
68 silly idealTree:prePrune +-- flagged-respawn@0.3.2
68 silly idealTree:prePrune +-- for-in@0.1.5
68 silly idealTree:prePrune +-- for-own@0.1.4
68 silly idealTree:prePrune +-- fs-exists-sync@0.1.0
68 silly idealTree:prePrune +-- gaze@0.5.2
68 silly idealTree:prePrune +-- get-stdin@4.0.1
68 silly idealTree:prePrune +-- glob-base@0.3.0
68 silly idealTree:prePrune +-- glob-parent@2.0.0
68 silly idealTree:prePrune +-- glob-stream@3.1.18
68 silly idealTree:prePrune | +-- readable-stream@1.0.34
68 silly idealTree:prePrune | `-- through2@0.6.5
68 silly idealTree:prePrune +-- glob-watcher@0.0.6
68 silly idealTree:prePrune +-- glob@4.5.3
68 silly idealTree:prePrune +-- glob2base@0.0.12
68 silly idealTree:prePrune +-- global-modules@0.2.3
68 silly idealTree:prePrune +-- global-prefix@0.1.4
68 silly idealTree:prePrune +-- globule@0.1.0
68 silly idealTree:prePrune | +-- glob@3.1.21
68 silly idealTree:prePrune | +-- graceful-fs@1.2.3
68 silly idealTree:prePrune | +-- inherits@1.0.2
68 silly idealTree:prePrune | `-- minimatch@0.2.14
68 silly idealTree:prePrune +-- glogg@1.0.0
68 silly idealTree:prePrune +-- graceful-fs@4.1.5
68 silly idealTree:prePrune +-- gulp-util@3.0.7
68 silly idealTree:prePrune +-- gulp@3.9.1
68 silly idealTree:prePrune +-- gulplog@1.0.0
68 silly idealTree:prePrune +-- has-ansi@2.0.0
68 silly idealTree:prePrune +-- has-gulplog@0.1.0
68 silly idealTree:prePrune +-- hosted-git-info@2.1.5
68 silly idealTree:prePrune +-- indent-string@2.1.0
68 silly idealTree:prePrune +-- inflight@1.0.5
68 silly idealTree:prePrune +-- inherits@2.0.1
68 silly idealTree:prePrune +-- ini@1.3.4
68 silly idealTree:prePrune +-- interpret@1.0.1
68 silly idealTree:prePrune +-- is-absolute@0.2.5
68 silly idealTree:prePrune | `-- is-windows@0.1.1
68 silly idealTree:prePrune +-- is-arrayish@0.2.1
68 silly idealTree:prePrune +-- is-buffer@1.1.4
68 silly idealTree:prePrune +-- is-builtin-module@1.0.0
68 silly idealTree:prePrune +-- is-dotfile@1.0.2
68 silly idealTree:prePrune +-- is-equal-shallow@0.1.3
68 silly idealTree:prePrune +-- is-extendable@0.1.1
68 silly idealTree:prePrune +-- is-extglob@1.0.0
68 silly idealTree:prePrune +-- is-finite@1.0.1
68 silly idealTree:prePrune +-- is-glob@2.0.1
68 silly idealTree:prePrune +-- is-number@2.1.0
68 silly idealTree:prePrune +-- is-posix-bracket@0.1.1
68 silly idealTree:prePrune +-- is-primitive@2.0.0
68 silly idealTree:prePrune +-- is-relative@0.2.1
68 silly idealTree:prePrune +-- is-unc-path@0.1.1
68 silly idealTree:prePrune +-- is-utf8@0.2.1
68 silly idealTree:prePrune +-- is-windows@0.2.0
68 silly idealTree:prePrune +-- isarray@0.0.1
68 silly idealTree:prePrune +-- isexe@1.1.2
68 silly idealTree:prePrune +-- isobject@2.1.0
68 silly idealTree:prePrune | `-- isarray@1.0.0
68 silly idealTree:prePrune +-- kind-of@3.0.4
68 silly idealTree:prePrune +-- liftoff@2.3.0
68 silly idealTree:prePrune +-- load-json-file@1.1.0
68 silly idealTree:prePrune +-- lodash._basecopy@3.0.1
68 silly idealTree:prePrune +-- lodash._basetostring@3.0.1
68 silly idealTree:prePrune +-- lodash._basevalues@3.0.0
68 silly idealTree:prePrune +-- lodash._getnative@3.9.1
68 silly idealTree:prePrune +-- lodash._isiterateecall@3.0.9
68 silly idealTree:prePrune +-- lodash._reescape@3.0.0
68 silly idealTree:prePrune +-- lodash._reevaluate@3.0.0
68 silly idealTree:prePrune +-- lodash._reinterpolate@3.0.0
68 silly idealTree:prePrune +-- lodash._root@3.0.1
68 silly idealTree:prePrune +-- lodash.assignwith@4.1.0
68 silly idealTree:prePrune +-- lodash.escape@3.2.0
68 silly idealTree:prePrune +-- lodash.isarguments@3.0.9
68 silly idealTree:prePrune +-- lodash.isarray@3.0.4
68 silly idealTree:prePrune +-- lodash.isempty@4.3.1
68 silly idealTree:prePrune +-- lodash.isplainobject@4.0.5
68 silly idealTree:prePrune +-- lodash.isstring@4.0.1
68 silly idealTree:prePrune +-- lodash.keys@3.1.2
68 silly idealTree:prePrune +-- lodash.mapvalues@4.5.1
68 silly idealTree:prePrune +-- lodash.pick@4.3.0
68 silly idealTree:prePrune +-- lodash.restparam@3.6.1
68 silly idealTree:prePrune +-- lodash.template@3.6.2
68 silly idealTree:prePrune +-- lodash.templatesettings@3.1.1
68 silly idealTree:prePrune +-- lodash@1.0.2
68 silly idealTree:prePrune +-- loud-rejection@1.6.0
68 silly idealTree:prePrune +-- lru-cache@2.7.3
68 silly idealTree:prePrune +-- map-cache@0.2.2
68 silly idealTree:prePrune +-- map-obj@1.0.1
68 silly idealTree:prePrune +-- meow@3.7.0
68 silly idealTree:prePrune | `-- object-assign@4.1.0
68 silly idealTree:prePrune +-- micromatch@2.3.11
68 silly idealTree:prePrune +-- minimatch@2.0.10
68 silly idealTree:prePrune +-- minimist@1.2.0
68 silly idealTree:prePrune +-- mkdirp@0.5.1
68 silly idealTree:prePrune | `-- minimist@0.0.8
68 silly idealTree:prePrune +-- multipipe@0.1.2
68 silly idealTree:prePrune +-- normalize-package-data@2.3.5
68 silly idealTree:prePrune +-- normalize-path@2.0.1
68 silly idealTree:prePrune +-- number-is-nan@1.0.0
68 silly idealTree:prePrune +-- object-assign@3.0.0
68 silly idealTree:prePrune +-- object.omit@2.0.0
68 silly idealTree:prePrune +-- once@1.3.3
68 silly idealTree:prePrune +-- orchestrator@0.3.7
68 silly idealTree:prePrune +-- ordered-read-streams@0.1.0
68 silly idealTree:prePrune +-- os-homedir@1.0.1
68 silly idealTree:prePrune +-- os-tmpdir@1.0.1
68 silly idealTree:prePrune +-- osenv@0.1.3
68 silly idealTree:prePrune +-- parse-filepath@1.0.1
68 silly idealTree:prePrune +-- parse-glob@3.0.4
68 silly idealTree:prePrune +-- parse-json@2.2.0
68 silly idealTree:prePrune +-- path-exists@2.1.0
68 silly idealTree:prePrune +-- path-root-regex@0.1.2
68 silly idealTree:prePrune +-- path-root@0.1.1
68 silly idealTree:prePrune +-- path-type@1.1.0
68 silly idealTree:prePrune +-- pify@2.3.0
68 silly idealTree:prePrune +-- pinkie-promise@2.0.1
68 silly idealTree:prePrune +-- pinkie@2.0.4
68 silly idealTree:prePrune +-- preserve@0.2.0
68 silly idealTree:prePrune +-- pretty-hrtime@1.0.2
68 silly idealTree:prePrune +-- process-nextick-args@1.0.7
68 silly idealTree:prePrune +-- randomatic@1.1.5
68 silly idealTree:prePrune +-- read-pkg-up@1.0.1
68 silly idealTree:prePrune +-- read-pkg@1.1.0
68 silly idealTree:prePrune +-- readable-stream@1.1.14
68 silly idealTree:prePrune +-- rechoir@0.6.2
68 silly idealTree:prePrune +-- redent@1.0.0
68 silly idealTree:prePrune +-- regex-cache@0.4.3
68 silly idealTree:prePrune +-- repeat-element@1.1.2
68 silly idealTree:prePrune +-- repeat-string@1.5.4
68 silly idealTree:prePrune +-- repeating@2.0.1
68 silly idealTree:prePrune +-- replace-ext@0.0.1
68 silly idealTree:prePrune +-- resolve-dir@0.1.1
68 silly idealTree:prePrune +-- resolve@1.1.7
68 silly idealTree:prePrune +-- semver@4.3.6
68 silly idealTree:prePrune +-- sequencify@0.0.7
68 silly idealTree:prePrune +-- sigmund@1.0.1
68 silly idealTree:prePrune +-- signal-exit@3.0.0
68 silly idealTree:prePrune +-- sparkles@1.0.0
68 silly idealTree:prePrune +-- spdx-correct@1.0.2
68 silly idealTree:prePrune +-- spdx-exceptions@1.0.5
68 silly idealTree:prePrune +-- spdx-expression-parse@1.0.2
68 silly idealTree:prePrune +-- spdx-license-ids@1.2.2
68 silly idealTree:prePrune +-- stream-consume@0.1.0
68 silly idealTree:prePrune +-- string_decoder@0.10.31
68 silly idealTree:prePrune +-- strip-ansi@3.0.1
68 silly idealTree:prePrune +-- strip-bom@2.0.0
68 silly idealTree:prePrune +-- strip-indent@1.0.1
68 silly idealTree:prePrune +-- supports-color@2.0.0
68 silly idealTree:prePrune +-- through2@2.0.1
68 silly idealTree:prePrune | +-- isarray@1.0.0
68 silly idealTree:prePrune | `-- readable-stream@2.0.6
68 silly idealTree:prePrune +-- tildify@1.2.0
68 silly idealTree:prePrune +-- time-stamp@1.0.1
68 silly idealTree:prePrune +-- trim-newlines@1.0.0
68 silly idealTree:prePrune +-- unc-path-regex@0.1.2
68 silly idealTree:prePrune +-- unique-stream@1.0.0
68 silly idealTree:prePrune +-- user-home@1.1.1
68 silly idealTree:prePrune +-- util-deprecate@1.0.2
68 silly idealTree:prePrune +-- v8flags@2.0.11
68 silly idealTree:prePrune +-- validate-npm-package-license@3.0.1
68 silly idealTree:prePrune +-- vinyl-fs@0.3.14
68 silly idealTree:prePrune | +-- clone@0.2.0
68 silly idealTree:prePrune | +-- graceful-fs@3.0.8
68 silly idealTree:prePrune | +-- readable-stream@1.0.34
68 silly idealTree:prePrune | +-- strip-bom@1.0.0
68 silly idealTree:prePrune | +-- through2@0.6.5
68 silly idealTree:prePrune | `-- vinyl@0.4.6
68 silly idealTree:prePrune +-- vinyl@0.5.3
68 silly idealTree:prePrune +-- which@1.2.10
68 silly idealTree:prePrune +-- wrappy@1.0.2
68 silly idealTree:prePrune `-- xtend@4.0.1
69 silly loadIdealTree Finishing
70 silly currentTree next
70 silly currentTree +-- ansi-regex@2.0.0
70 silly currentTree +-- ansi-styles@2.2.1
70 silly currentTree +-- archy@1.0.0
70 silly currentTree +-- arr-diff@2.0.0
70 silly currentTree +-- arr-flatten@1.0.1
70 silly currentTree +-- array-differ@1.0.0
70 silly currentTree +-- array-find-index@1.0.1
70 silly currentTree +-- array-uniq@1.0.3
70 silly currentTree +-- array-unique@0.2.1
70 silly currentTree +-- balanced-match@0.4.2
70 silly currentTree +-- beeper@1.1.0
70 silly currentTree +-- brace-expansion@1.1.6
70 silly currentTree +-- braces@1.8.5
70 silly currentTree +-- builtin-modules@1.1.1
70 silly currentTree +-- camelcase-keys@2.1.0
70 silly currentTree +-- camelcase@2.1.1
70 silly currentTree +-- chalk@1.1.3
70 silly currentTree +-- clone-stats@0.0.1
70 silly currentTree +-- clone@1.0.2
70 silly currentTree +-- concat-map@0.0.1
70 silly currentTree +-- core-util-is@1.0.2
70 silly currentTree +-- currently-unhandled@0.4.1
70 silly currentTree +-- dateformat@1.0.12
70 silly currentTree +-- decamelize@1.2.0
70 silly currentTree +-- defaults@1.0.3
70 silly currentTree +-- deprecated@0.0.1
70 silly currentTree +-- detect-file@0.1.0
70 silly currentTree +-- duplexer2@0.0.2
70 silly currentTree +-- end-of-stream@0.1.5
70 silly currentTree +-- error-ex@1.3.0
70 silly currentTree +-- escape-string-regexp@1.0.5
70 silly currentTree +-- expand-brackets@0.1.5
70 silly currentTree +-- expand-range@1.8.2
70 silly currentTree +-- expand-tilde@1.2.2
70 silly currentTree +-- extend@3.0.0
70 silly currentTree +-- extglob@0.3.2
70 silly currentTree +-- fancy-log@1.2.0
70 silly currentTree +-- filename-regex@2.0.0
70 silly currentTree +-- fill-range@2.2.3
70 silly currentTree +-- find-index@0.1.1
70 silly currentTree +-- find-up@1.1.2
70 silly currentTree +-- findup-sync@0.4.2
70 silly currentTree +-- fined@1.0.1
70 silly currentTree | `-- lodash.isarray@4.0.0
70 silly currentTree +-- first-chunk-stream@1.0.0
70 silly currentTree +-- flagged-respawn@0.3.2
70 silly currentTree +-- for-in@0.1.5
70 silly currentTree +-- for-own@0.1.4
70 silly currentTree +-- fs-exists-sync@0.1.0
70 silly currentTree +-- gaze@0.5.2
70 silly currentTree +-- get-stdin@4.0.1
70 silly currentTree +-- glob-base@0.3.0
70 silly currentTree +-- glob-parent@2.0.0
70 silly currentTree +-- glob-stream@3.1.18
70 silly currentTree | +-- readable-stream@1.0.34
70 silly currentTree | `-- through2@0.6.5
70 silly currentTree +-- glob-watcher@0.0.6
70 silly currentTree +-- glob@4.5.3
70 silly currentTree +-- glob2base@0.0.12
70 silly currentTree +-- global-modules@0.2.3
70 silly currentTree +-- global-prefix@0.1.4
70 silly currentTree +-- globule@0.1.0
70 silly currentTree | +-- glob@3.1.21
70 silly currentTree | +-- graceful-fs@1.2.3
70 silly currentTree | +-- inherits@1.0.2
70 silly currentTree | `-- minimatch@0.2.14
70 silly currentTree +-- glogg@1.0.0
70 silly currentTree +-- graceful-fs@4.1.5
70 silly currentTree +-- gulp-util@3.0.7
70 silly currentTree +-- gulp@3.9.1
70 silly currentTree +-- gulplog@1.0.0
70 silly currentTree +-- has-ansi@2.0.0
70 silly currentTree +-- has-gulplog@0.1.0
70 silly currentTree +-- hosted-git-info@2.1.5
70 silly currentTree +-- indent-string@2.1.0
70 silly currentTree +-- inflight@1.0.5
70 silly currentTree +-- inherits@2.0.1
70 silly currentTree +-- ini@1.3.4
70 silly currentTree +-- interpret@1.0.1
70 silly currentTree +-- is-absolute@0.2.5
70 silly currentTree | `-- is-windows@0.1.1
70 silly currentTree +-- is-arrayish@0.2.1
70 silly currentTree +-- is-buffer@1.1.4
70 silly currentTree +-- is-builtin-module@1.0.0
70 silly currentTree +-- is-dotfile@1.0.2
70 silly currentTree +-- is-equal-shallow@0.1.3
70 silly currentTree +-- is-extendable@0.1.1
70 silly currentTree +-- is-extglob@1.0.0
70 silly currentTree +-- is-finite@1.0.1
70 silly currentTree +-- is-glob@2.0.1
70 silly currentTree +-- is-number@2.1.0
70 silly currentTree +-- is-posix-bracket@0.1.1
70 silly currentTree +-- is-primitive@2.0.0
70 silly currentTree +-- is-relative@0.2.1
70 silly currentTree +-- is-unc-path@0.1.1
70 silly currentTree +-- is-utf8@0.2.1
70 silly currentTree +-- is-windows@0.2.0
70 silly currentTree +-- isarray@0.0.1
70 silly currentTree +-- isexe@1.1.2
70 silly currentTree +-- isobject@2.1.0
70 silly currentTree | `-- isarray@1.0.0
70 silly currentTree +-- kind-of@3.0.4
70 silly currentTree +-- liftoff@2.3.0
70 silly currentTree +-- load-json-file@1.1.0
70 silly currentTree +-- lodash._basecopy@3.0.1
70 silly currentTree +-- lodash._basetostring@3.0.1
70 silly currentTree +-- lodash._basevalues@3.0.0
70 silly currentTree +-- lodash._getnative@3.9.1
70 silly currentTree +-- lodash._isiterateecall@3.0.9
70 silly currentTree +-- lodash._reescape@3.0.0
70 silly currentTree +-- lodash._reevaluate@3.0.0
70 silly currentTree +-- lodash._reinterpolate@3.0.0
70 silly currentTree +-- lodash._root@3.0.1
70 silly currentTree +-- lodash.assignwith@4.1.0
70 silly currentTree +-- lodash.escape@3.2.0
70 silly currentTree +-- lodash.isarguments@3.0.9
70 silly currentTree +-- lodash.isarray@3.0.4
70 silly currentTree +-- lodash.isempty@4.3.1
70 silly currentTree +-- lodash.isplainobject@4.0.5
70 silly currentTree +-- lodash.isstring@4.0.1
70 silly currentTree +-- lodash.keys@3.1.2
70 silly currentTree +-- lodash.mapvalues@4.5.1
70 silly currentTree +-- lodash.pick@4.3.0
70 silly currentTree +-- lodash.restparam@3.6.1
70 silly currentTree +-- lodash.template@3.6.2
70 silly currentTree +-- lodash.templatesettings@3.1.1
70 silly currentTree +-- lodash@1.0.2
70 silly currentTree +-- loud-rejection@1.6.0
70 silly currentTree +-- lru-cache@2.7.3
70 silly currentTree +-- map-cache@0.2.2
70 silly currentTree +-- map-obj@1.0.1
70 silly currentTree +-- meow@3.7.0
70 silly currentTree | `-- object-assign@4.1.0
70 silly currentTree +-- micromatch@2.3.11
70 silly currentTree +-- minimatch@2.0.10
70 silly currentTree +-- minimist@1.2.0
70 silly currentTree +-- mkdirp@0.5.1
70 silly currentTree | `-- minimist@0.0.8
70 silly currentTree +-- multipipe@0.1.2
70 silly currentTree +-- normalize-package-data@2.3.5
70 silly currentTree +-- normalize-path@2.0.1
70 silly currentTree +-- number-is-nan@1.0.0
70 silly currentTree +-- object-assign@3.0.0
70 silly currentTree +-- object.omit@2.0.0
70 silly currentTree +-- once@1.3.3
70 silly currentTree +-- orchestrator@0.3.7
70 silly currentTree +-- ordered-read-streams@0.1.0
70 silly currentTree +-- os-homedir@1.0.1
70 silly currentTree +-- os-tmpdir@1.0.1
70 silly currentTree +-- osenv@0.1.3
70 silly currentTree +-- parse-filepath@1.0.1
70 silly currentTree +-- parse-glob@3.0.4
70 silly currentTree +-- parse-json@2.2.0
70 silly currentTree +-- path-exists@2.1.0
70 silly currentTree +-- path-root-regex@0.1.2
70 silly currentTree +-- path-root@0.1.1
70 silly currentTree +-- path-type@1.1.0
70 silly currentTree +-- pify@2.3.0
70 silly currentTree +-- pinkie-promise@2.0.1
70 silly currentTree +-- pinkie@2.0.4
70 silly currentTree +-- preserve@0.2.0
70 silly currentTree +-- pretty-hrtime@1.0.2
70 silly currentTree +-- process-nextick-args@1.0.7
70 silly currentTree +-- randomatic@1.1.5
70 silly currentTree +-- read-pkg-up@1.0.1
70 silly currentTree +-- read-pkg@1.1.0
70 silly currentTree +-- readable-stream@1.1.14
70 silly currentTree +-- rechoir@0.6.2
70 silly currentTree +-- redent@1.0.0
70 silly currentTree +-- regex-cache@0.4.3
70 silly currentTree +-- repeat-element@1.1.2
70 silly currentTree +-- repeat-string@1.5.4
70 silly currentTree +-- repeating@2.0.1
70 silly currentTree +-- replace-ext@0.0.1
70 silly currentTree +-- resolve-dir@0.1.1
70 silly currentTree +-- resolve@1.1.7
70 silly currentTree +-- semver@4.3.6
70 silly currentTree +-- sequencify@0.0.7
70 silly currentTree +-- sigmund@1.0.1
70 silly currentTree +-- signal-exit@3.0.0
70 silly currentTree +-- sparkles@1.0.0
70 silly currentTree +-- spdx-correct@1.0.2
70 silly currentTree +-- spdx-exceptions@1.0.5
70 silly currentTree +-- spdx-expression-parse@1.0.2
70 silly currentTree +-- spdx-license-ids@1.2.2
70 silly currentTree +-- stream-consume@0.1.0
70 silly currentTree +-- string_decoder@0.10.31
70 silly currentTree +-- strip-ansi@3.0.1
70 silly currentTree +-- strip-bom@2.0.0
70 silly currentTree +-- strip-indent@1.0.1
70 silly currentTree +-- supports-color@2.0.0
70 silly currentTree +-- through2@2.0.1
70 silly currentTree | +-- isarray@1.0.0
70 silly currentTree | `-- readable-stream@2.0.6
70 silly currentTree +-- tildify@1.2.0
70 silly currentTree +-- time-stamp@1.0.1
70 silly currentTree +-- trim-newlines@1.0.0
70 silly currentTree +-- unc-path-regex@0.1.2
70 silly currentTree +-- unique-stream@1.0.0
70 silly currentTree +-- user-home@1.1.1
70 silly currentTree +-- util-deprecate@1.0.2
70 silly currentTree +-- v8flags@2.0.11
70 silly currentTree +-- validate-npm-package-license@3.0.1
70 silly currentTree +-- vinyl-fs@0.3.14
70 silly currentTree | +-- clone@0.2.0
70 silly currentTree | +-- graceful-fs@3.0.8
70 silly currentTree | +-- readable-stream@1.0.34
70 silly currentTree | +-- strip-bom@1.0.0
70 silly currentTree | +-- through2@0.6.5
70 silly currentTree | `-- vinyl@0.4.6
70 silly currentTree +-- vinyl@0.5.3
70 silly currentTree +-- which@1.2.10
70 silly currentTree +-- wrappy@1.0.2
70 silly currentTree `-- xtend@4.0.1
71 silly idealTree next
71 silly idealTree +-- angular@1.6.1
71 silly idealTree +-- ansi-regex@2.0.0
71 silly idealTree +-- ansi-styles@2.2.1
71 silly idealTree +-- archy@1.0.0
71 silly idealTree +-- arr-diff@2.0.0
71 silly idealTree +-- arr-flatten@1.0.1
71 silly idealTree +-- array-differ@1.0.0
71 silly idealTree +-- array-find-index@1.0.1
71 silly idealTree +-- array-uniq@1.0.3
71 silly idealTree +-- array-unique@0.2.1
71 silly idealTree +-- balanced-match@0.4.2
71 silly idealTree +-- beeper@1.1.0
71 silly idealTree +-- brace-expansion@1.1.6
71 silly idealTree +-- braces@1.8.5
71 silly idealTree +-- builtin-modules@1.1.1
71 silly idealTree +-- camelcase-keys@2.1.0
71 silly idealTree +-- camelcase@2.1.1
71 silly idealTree +-- chalk@1.1.3
71 silly idealTree +-- clone-stats@0.0.1
71 silly idealTree +-- clone@1.0.2
71 silly idealTree +-- concat-map@0.0.1
71 silly idealTree +-- core-util-is@1.0.2
71 silly idealTree +-- currently-unhandled@0.4.1
71 silly idealTree +-- dateformat@1.0.12
71 silly idealTree +-- decamelize@1.2.0
71 silly idealTree +-- defaults@1.0.3
71 silly idealTree +-- deprecated@0.0.1
71 silly idealTree +-- detect-file@0.1.0
71 silly idealTree +-- duplexer2@0.0.2
71 silly idealTree +-- end-of-stream@0.1.5
71 silly idealTree +-- error-ex@1.3.0
71 silly idealTree +-- escape-string-regexp@1.0.5
71 silly idealTree +-- expand-brackets@0.1.5
71 silly idealTree +-- expand-range@1.8.2
71 silly idealTree +-- expand-tilde@1.2.2
71 silly idealTree +-- extend@3.0.0
71 silly idealTree +-- extglob@0.3.2
71 silly idealTree +-- fancy-log@1.2.0
71 silly idealTree +-- filename-regex@2.0.0
71 silly idealTree +-- fill-range@2.2.3
71 silly idealTree +-- find-index@0.1.1
71 silly idealTree +-- find-up@1.1.2
71 silly idealTree +-- findup-sync@0.4.2
71 silly idealTree +-- fined@1.0.1
71 silly idealTree | `-- lodash.isarray@4.0.0
71 silly idealTree +-- first-chunk-stream@1.0.0
71 silly idealTree +-- flagged-respawn@0.3.2
71 silly idealTree +-- for-in@0.1.5
71 silly idealTree +-- for-own@0.1.4
71 silly idealTree +-- fs-exists-sync@0.1.0
71 silly idealTree +-- gaze@0.5.2
71 silly idealTree +-- get-stdin@4.0.1
71 silly idealTree +-- glob-base@0.3.0
71 silly idealTree +-- glob-parent@2.0.0
71 silly idealTree +-- glob-stream@3.1.18
71 silly idealTree | +-- readable-stream@1.0.34
71 silly idealTree | `-- through2@0.6.5
71 silly idealTree +-- glob-watcher@0.0.6
71 silly idealTree +-- glob@4.5.3
71 silly idealTree +-- glob2base@0.0.12
71 silly idealTree +-- global-modules@0.2.3
71 silly idealTree +-- global-prefix@0.1.4
71 silly idealTree +-- globule@0.1.0
71 silly idealTree | +-- glob@3.1.21
71 silly idealTree | +-- graceful-fs@1.2.3
71 silly idealTree | +-- inherits@1.0.2
71 silly idealTree | `-- minimatch@0.2.14
71 silly idealTree +-- glogg@1.0.0
71 silly idealTree +-- graceful-fs@4.1.5
71 silly idealTree +-- gulp-util@3.0.7
71 silly idealTree +-- gulp@3.9.1
71 silly idealTree +-- gulplog@1.0.0
71 silly idealTree +-- has-ansi@2.0.0
71 silly idealTree +-- has-gulplog@0.1.0
71 silly idealTree +-- hosted-git-info@2.1.5
71 silly idealTree +-- indent-string@2.1.0
71 silly idealTree +-- inflight@1.0.5
71 silly idealTree +-- inherits@2.0.1
71 silly idealTree +-- ini@1.3.4
71 silly idealTree +-- interpret@1.0.1
71 silly idealTree +-- is-absolute@0.2.5
71 silly idealTree | `-- is-windows@0.1.1
71 silly idealTree +-- is-arrayish@0.2.1
71 silly idealTree +-- is-buffer@1.1.4
71 silly idealTree +-- is-builtin-module@1.0.0
71 silly idealTree +-- is-dotfile@1.0.2
71 silly idealTree +-- is-equal-shallow@0.1.3
71 silly idealTree +-- is-extendable@0.1.1
71 silly idealTree +-- is-extglob@1.0.0
71 silly idealTree +-- is-finite@1.0.1
71 silly idealTree +-- is-glob@2.0.1
71 silly idealTree +-- is-number@2.1.0
71 silly idealTree +-- is-posix-bracket@0.1.1
71 silly idealTree +-- is-primitive@2.0.0
71 silly idealTree +-- is-relative@0.2.1
71 silly idealTree +-- is-unc-path@0.1.1
71 silly idealTree +-- is-utf8@0.2.1
71 silly idealTree +-- is-windows@0.2.0
71 silly idealTree +-- isarray@0.0.1
71 silly idealTree +-- isexe@1.1.2
71 silly idealTree +-- isobject@2.1.0
71 silly idealTree | `-- isarray@1.0.0
71 silly idealTree +-- kind-of@3.0.4
71 silly idealTree +-- liftoff@2.3.0
71 silly idealTree +-- load-json-file@1.1.0
71 silly idealTree +-- lodash._basecopy@3.0.1
71 silly idealTree +-- lodash._basetostring@3.0.1
71 silly idealTree +-- lodash._basevalues@3.0.0
71 silly idealTree +-- lodash._getnative@3.9.1
71 silly idealTree +-- lodash._isiterateecall@3.0.9
71 silly idealTree +-- lodash._reescape@3.0.0
71 silly idealTree +-- lodash._reevaluate@3.0.0
71 silly idealTree +-- lodash._reinterpolate@3.0.0
71 silly idealTree +-- lodash._root@3.0.1
71 silly idealTree +-- lodash.assignwith@4.1.0
71 silly idealTree +-- lodash.escape@3.2.0
71 silly idealTree +-- lodash.isarguments@3.0.9
71 silly idealTree +-- lodash.isarray@3.0.4
71 silly idealTree +-- lodash.isempty@4.3.1
71 silly idealTree +-- lodash.isplainobject@4.0.5
71 silly idealTree +-- lodash.isstring@4.0.1
71 silly idealTree +-- lodash.keys@3.1.2
71 silly idealTree +-- lodash.mapvalues@4.5.1
71 silly idealTree +-- lodash.pick@4.3.0
71 silly idealTree +-- lodash.restparam@3.6.1
71 silly idealTree +-- lodash.template@3.6.2
71 silly idealTree +-- lodash.templatesettings@3.1.1
71 silly idealTree +-- lodash@1.0.2
71 silly idealTree +-- loud-rejection@1.6.0
71 silly idealTree +-- lru-cache@2.7.3
71 silly idealTree +-- map-cache@0.2.2
71 silly idealTree +-- map-obj@1.0.1
71 silly idealTree +-- meow@3.7.0
71 silly idealTree | `-- object-assign@4.1.0
71 silly idealTree +-- micromatch@2.3.11
71 silly idealTree +-- minimatch@2.0.10
71 silly idealTree +-- minimist@1.2.0
71 silly idealTree +-- mkdirp@0.5.1
71 silly idealTree | `-- minimist@0.0.8
71 silly idealTree +-- multipipe@0.1.2
71 silly idealTree +-- normalize-package-data@2.3.5
71 silly idealTree +-- normalize-path@2.0.1
71 silly idealTree +-- number-is-nan@1.0.0
71 silly idealTree +-- object-assign@3.0.0
71 silly idealTree +-- object.omit@2.0.0
71 silly idealTree +-- once@1.3.3
71 silly idealTree +-- orchestrator@0.3.7
71 silly idealTree +-- ordered-read-streams@0.1.0
71 silly idealTree +-- os-homedir@1.0.1
71 silly idealTree +-- os-tmpdir@1.0.1
71 silly idealTree +-- osenv@0.1.3
71 silly idealTree +-- parse-filepath@1.0.1
71 silly idealTree +-- parse-glob@3.0.4
71 silly idealTree +-- parse-json@2.2.0
71 silly idealTree +-- path-exists@2.1.0
71 silly idealTree +-- path-root-regex@0.1.2
71 silly idealTree +-- path-root@0.1.1
71 silly idealTree +-- path-type@1.1.0
71 silly idealTree +-- pify@2.3.0
71 silly idealTree +-- pinkie-promise@2.0.1
71 silly idealTree +-- pinkie@2.0.4
71 silly idealTree +-- preserve@0.2.0
71 silly idealTree +-- pretty-hrtime@1.0.2
71 silly idealTree +-- process-nextick-args@1.0.7
71 silly idealTree +-- randomatic@1.1.5
71 silly idealTree +-- read-pkg-up@1.0.1
71 silly idealTree +-- read-pkg@1.1.0
71 silly idealTree +-- readable-stream@1.1.14
71 silly idealTree +-- rechoir@0.6.2
71 silly idealTree +-- redent@1.0.0
71 silly idealTree +-- regex-cache@0.4.3
71 silly idealTree +-- repeat-element@1.1.2
71 silly idealTree +-- repeat-string@1.5.4
71 silly idealTree +-- repeating@2.0.1
71 silly idealTree +-- replace-ext@0.0.1
71 silly idealTree +-- resolve-dir@0.1.1
71 silly idealTree +-- resolve@1.1.7
71 silly idealTree +-- semver@4.3.6
71 silly idealTree +-- sequencify@0.0.7
71 silly idealTree +-- sigmund@1.0.1
71 silly idealTree +-- signal-exit@3.0.0
71 silly idealTree +-- sparkles@1.0.0
71 silly idealTree +-- spdx-correct@1.0.2
71 silly idealTree +-- spdx-exceptions@1.0.5
71 silly idealTree +-- spdx-expression-parse@1.0.2
71 silly idealTree +-- spdx-license-ids@1.2.2
71 silly idealTree +-- stream-consume@0.1.0
71 silly idealTree +-- string_decoder@0.10.31
71 silly idealTree +-- strip-ansi@3.0.1
71 silly idealTree +-- strip-bom@2.0.0
71 silly idealTree +-- strip-indent@1.0.1
71 silly idealTree +-- supports-color@2.0.0
71 silly idealTree +-- through2@2.0.1
71 silly idealTree | +-- isarray@1.0.0
71 silly idealTree | `-- readable-stream@2.0.6
71 silly idealTree +-- tildify@1.2.0
71 silly idealTree +-- time-stamp@1.0.1
71 silly idealTree +-- trim-newlines@1.0.0
71 silly idealTree +-- unc-path-regex@0.1.2
71 silly idealTree +-- unique-stream@1.0.0
71 silly idealTree +-- user-home@1.1.1
71 silly idealTree +-- util-deprecate@1.0.2
71 silly idealTree +-- v8flags@2.0.11
71 silly idealTree +-- validate-npm-package-license@3.0.1
71 silly idealTree +-- vinyl-fs@0.3.14
71 silly idealTree | +-- clone@0.2.0
71 silly idealTree | +-- graceful-fs@3.0.8
71 silly idealTree | +-- readable-stream@1.0.34
71 silly idealTree | +-- strip-bom@1.0.0
71 silly idealTree | +-- through2@0.6.5
71 silly idealTree | `-- vinyl@0.4.6
71 silly idealTree +-- vinyl@0.5.3
71 silly idealTree +-- which@1.2.10
71 silly idealTree +-- wrappy@1.0.2
71 silly idealTree `-- xtend@4.0.1
72 silly generateActionsToTake Starting
73 silly install generateActionsToTake
74 warn checkPermissions Missing write access to /home/next/node_modules
75 silly rollbackFailedOptional Starting
76 silly rollbackFailedOptional Finishing
77 silly runTopLevelLifecycles Starting
78 silly runTopLevelLifecycles Finishing
79 silly install printInstalled
80 warn enoent ENOENT: no such file or directory, open '/home/next/package.json'
81 warn next No description
82 warn next No repository field.
83 warn next No README data
84 warn next No license field.
85 verbose stack Error: EACCES: permission denied, access '/home/next/node_modules'
85 verbose stack     at Error (native)
86 verbose cwd /home/next/Desktop/navBar
87 error Linux 4.4.0-59-generic
88 error argv "/usr/bin/nodejs" "/usr/bin/npm" "install" "angular" "--save"
89 error node v4.2.6
90 error npm  v3.5.2
91 error path /home/next/node_modules
92 error code EACCES
93 error errno -13
94 error syscall access
95 error Error: EACCES: permission denied, access '/home/next/node_modules'
95 error     at Error (native)
95 error  { [Error: EACCES: permission denied, access '/home/next/node_modules']
95 error   errno: -13,
95 error   code: 'EACCES',
95 error   syscall: 'access',
95 error   path: '/home/next/node_modules' }
96 error Please try running this command again as root/Administrator.
97 verbose exit [ -13, true ]
